INFO - 2024-08-21 09:54:03 --> Session: Class initialized using 'CodeIgniter\Session\Handlers\FileHandler' driver.
INFO - 2024-08-21 09:54:15 --> Session: Class initialized using 'CodeIgniter\Session\Handlers\FileHandler' driver.
INFO - 2024-08-21 09:54:28 --> Session: Class initialized using 'CodeIgniter\Session\Handlers\FileHandler' driver.
INFO - 2024-08-21 09:55:18 --> Session: Class initialized using 'CodeIgniter\Session\Handlers\FileHandler' driver.
INFO - 2024-08-21 09:56:02 --> Session: Class initialized using 'CodeIgniter\Session\Handlers\FileHandler' driver.
INFO - 2024-08-21 09:56:14 --> Session: Class initialized using 'CodeIgniter\Session\Handlers\FileHandler' driver.
INFO - 2024-08-21 09:56:49 --> Session: Class initialized using 'CodeIgniter\Session\Handlers\FileHandler' driver.
INFO - 2024-08-21 09:56:54 --> Session: Class initialized using 'CodeIgniter\Session\Handlers\FileHandler' driver.
INFO - 2024-08-21 09:58:47 --> Session: Class initialized using 'CodeIgniter\Session\Handlers\FileHandler' driver.
INFO - 2024-08-21 10:02:29 --> Session: Class initialized using 'CodeIgniter\Session\Handlers\FileHandler' driver.
INFO - 2024-08-21 10:02:50 --> Session: Class initialized using 'CodeIgniter\Session\Handlers\FileHandler' driver.
INFO - 2024-08-21 10:03:48 --> Session: Class initialized using 'CodeIgniter\Session\Handlers\FileHandler' driver.
INFO - 2024-08-21 10:04:24 --> Session: Class initialized using 'CodeIgniter\Session\Handlers\FileHandler' driver.
INFO - 2024-08-21 10:09:45 --> Session: Class initialized using 'CodeIgniter\Session\Handlers\FileHandler' driver.
INFO - 2024-08-21 10:11:03 --> Session: Class initialized using 'CodeIgniter\Session\Handlers\FileHandler' driver.
INFO - 2024-08-21 10:12:21 --> Session: Class initialized using 'CodeIgniter\Session\Handlers\FileHandler' driver.
INFO - 2024-08-21 10:13:13 --> Session: Class initialized using 'CodeIgniter\Session\Handlers\FileHandler' driver.
INFO - 2024-08-21 10:14:00 --> Session: Class initialized using 'CodeIgniter\Session\Handlers\FileHandler' driver.
INFO - 2024-08-21 10:14:42 --> Session: Class initialized using 'CodeIgniter\Session\Handlers\FileHandler' driver.
INFO - 2024-08-21 10:15:13 --> Session: Class initialized using 'CodeIgniter\Session\Handlers\FileHandler' driver.
INFO - 2024-08-21 10:16:01 --> Session: Class initialized using 'CodeIgniter\Session\Handlers\FileHandler' driver.
INFO - 2024-08-21 10:16:36 --> Session: Class initialized using 'CodeIgniter\Session\Handlers\FileHandler' driver.
INFO - 2024-08-21 10:19:36 --> Session: Class initialized using 'CodeIgniter\Session\Handlers\FileHandler' driver.
INFO - 2024-08-21 10:20:52 --> Session: Class initialized using 'CodeIgniter\Session\Handlers\FileHandler' driver.
INFO - 2024-08-21 11:36:04 --> Session: Class initialized using 'CodeIgniter\Session\Handlers\FileHandler' driver.
ERROR - 2024-08-21 18:52:03 --> Error connecting to the database: mysqli_sql_exception: No connection could be made because the target machine actively refused it in C:\xampp_8\htdocs\sistemarsip\vendor\codeigniter4\framework\system\Database\MySQLi\Connection.php:184
Stack trace:
#0 C:\xampp_8\htdocs\sistemarsip\vendor\codeigniter4\framework\system\Database\MySQLi\Connection.php(184): mysqli->real_connect('localhost', 'root', Object(SensitiveParameterValue), 'arsip', 3306, '', 0)
#1 C:\xampp_8\htdocs\sistemarsip\vendor\codeigniter4\framework\system\Database\BaseConnection.php(391): CodeIgniter\Database\MySQLi\Connection->connect(false)
#2 C:\xampp_8\htdocs\sistemarsip\vendor\codeigniter4\framework\system\Database\BaseConnection.php(574): CodeIgniter\Database\BaseConnection->initialize()
#3 C:\xampp_8\htdocs\sistemarsip\vendor\codeigniter4\framework\system\Database\BaseConnection.php(1409): CodeIgniter\Database\BaseConnection->query('SHOW TABLES FRO...')
#4 C:\xampp_8\htdocs\sistemarsip\vendor\codeigniter4\framework\system\Database\BaseConnection.php(1428): CodeIgniter\Database\BaseConnection->listTables()
#5 C:\xampp_8\htdocs\sistemarsip\vendor\codeigniter4\framework\system\Database\MigrationRunner.php(768): CodeIgniter\Database\BaseConnection->tableExists('migrations')
#6 C:\xampp_8\htdocs\sistemarsip\vendor\codeigniter4\framework\system\Database\MigrationRunner.php(168): CodeIgniter\Database\MigrationRunner->ensureTable()
#7 C:\xampp_8\htdocs\sistemarsip\vendor\codeigniter4\framework\system\Commands\Database\Migrate.php(84): CodeIgniter\Database\MigrationRunner->latest(NULL)
#8 C:\xampp_8\htdocs\sistemarsip\vendor\codeigniter4\framework\system\CLI\Commands.php(65): CodeIgniter\Commands\Database\Migrate->run(Array)
#9 C:\xampp_8\htdocs\sistemarsip\vendor\codeigniter4\framework\system\CLI\Console.php(37): CodeIgniter\CLI\Commands->run('migrate', Array)
#10 C:\xampp_8\htdocs\sistemarsip\spark(102): CodeIgniter\CLI\Console->run()
#11 {main}

Next CodeIgniter\Database\Exceptions\DatabaseException: No connection could be made because the target machine actively refused it in C:\xampp_8\htdocs\sistemarsip\vendor\codeigniter4\framework\system\Database\MySQLi\Connection.php:229
Stack trace:
#0 C:\xampp_8\htdocs\sistemarsip\vendor\codeigniter4\framework\system\Database\BaseConnection.php(391): CodeIgniter\Database\MySQLi\Connection->connect(false)
#1 C:\xampp_8\htdocs\sistemarsip\vendor\codeigniter4\framework\system\Database\BaseConnection.php(574): CodeIgniter\Database\BaseConnection->initialize()
#2 C:\xampp_8\htdocs\sistemarsip\vendor\codeigniter4\framework\system\Database\BaseConnection.php(1409): CodeIgniter\Database\BaseConnection->query('SHOW TABLES FRO...')
#3 C:\xampp_8\htdocs\sistemarsip\vendor\codeigniter4\framework\system\Database\BaseConnection.php(1428): CodeIgniter\Database\BaseConnection->listTables()
#4 C:\xampp_8\htdocs\sistemarsip\vendor\codeigniter4\framework\system\Database\MigrationRunner.php(768): CodeIgniter\Database\BaseConnection->tableExists('migrations')
#5 C:\xampp_8\htdocs\sistemarsip\vendor\codeigniter4\framework\system\Database\MigrationRunner.php(168): CodeIgniter\Database\MigrationRunner->ensureTable()
#6 C:\xampp_8\htdocs\sistemarsip\vendor\codeigniter4\framework\system\Commands\Database\Migrate.php(84): CodeIgniter\Database\MigrationRunner->latest(NULL)
#7 C:\xampp_8\htdocs\sistemarsip\vendor\codeigniter4\framework\system\CLI\Commands.php(65): CodeIgniter\Commands\Database\Migrate->run(Array)
#8 C:\xampp_8\htdocs\sistemarsip\vendor\codeigniter4\framework\system\CLI\Console.php(37): CodeIgniter\CLI\Commands->run('migrate', Array)
#9 C:\xampp_8\htdocs\sistemarsip\spark(102): CodeIgniter\CLI\Console->run()
#10 {main}
ERROR - 2024-08-21 18:53:25 --> Error connecting to the database: mysqli_sql_exception: Unknown database 'arsip' in C:\xampp_8\htdocs\sistemarsip\vendor\codeigniter4\framework\system\Database\MySQLi\Connection.php:184
Stack trace:
#0 C:\xampp_8\htdocs\sistemarsip\vendor\codeigniter4\framework\system\Database\MySQLi\Connection.php(184): mysqli->real_connect('localhost', 'root', Object(SensitiveParameterValue), 'arsip', 3306, '', 0)
#1 C:\xampp_8\htdocs\sistemarsip\vendor\codeigniter4\framework\system\Database\BaseConnection.php(391): CodeIgniter\Database\MySQLi\Connection->connect(false)
#2 C:\xampp_8\htdocs\sistemarsip\vendor\codeigniter4\framework\system\Database\BaseConnection.php(574): CodeIgniter\Database\BaseConnection->initialize()
#3 C:\xampp_8\htdocs\sistemarsip\vendor\codeigniter4\framework\system\Database\BaseConnection.php(1409): CodeIgniter\Database\BaseConnection->query('SHOW TABLES FRO...')
#4 C:\xampp_8\htdocs\sistemarsip\vendor\codeigniter4\framework\system\Database\BaseConnection.php(1428): CodeIgniter\Database\BaseConnection->listTables()
#5 C:\xampp_8\htdocs\sistemarsip\vendor\codeigniter4\framework\system\Database\MigrationRunner.php(768): CodeIgniter\Database\BaseConnection->tableExists('migrations')
#6 C:\xampp_8\htdocs\sistemarsip\vendor\codeigniter4\framework\system\Database\MigrationRunner.php(168): CodeIgniter\Database\MigrationRunner->ensureTable()
#7 C:\xampp_8\htdocs\sistemarsip\vendor\codeigniter4\framework\system\Commands\Database\Migrate.php(84): CodeIgniter\Database\MigrationRunner->latest(NULL)
#8 C:\xampp_8\htdocs\sistemarsip\vendor\codeigniter4\framework\system\CLI\Commands.php(65): CodeIgniter\Commands\Database\Migrate->run(Array)
#9 C:\xampp_8\htdocs\sistemarsip\vendor\codeigniter4\framework\system\CLI\Console.php(37): CodeIgniter\CLI\Commands->run('migrate', Array)
#10 C:\xampp_8\htdocs\sistemarsip\spark(102): CodeIgniter\CLI\Console->run()
#11 {main}

Next CodeIgniter\Database\Exceptions\DatabaseException: Unknown database 'arsip' in C:\xampp_8\htdocs\sistemarsip\vendor\codeigniter4\framework\system\Database\MySQLi\Connection.php:229
Stack trace:
#0 C:\xampp_8\htdocs\sistemarsip\vendor\codeigniter4\framework\system\Database\BaseConnection.php(391): CodeIgniter\Database\MySQLi\Connection->connect(false)
#1 C:\xampp_8\htdocs\sistemarsip\vendor\codeigniter4\framework\system\Database\BaseConnection.php(574): CodeIgniter\Database\BaseConnection->initialize()
#2 C:\xampp_8\htdocs\sistemarsip\vendor\codeigniter4\framework\system\Database\BaseConnection.php(1409): CodeIgniter\Database\BaseConnection->query('SHOW TABLES FRO...')
#3 C:\xampp_8\htdocs\sistemarsip\vendor\codeigniter4\framework\system\Database\BaseConnection.php(1428): CodeIgniter\Database\BaseConnection->listTables()
#4 C:\xampp_8\htdocs\sistemarsip\vendor\codeigniter4\framework\system\Database\MigrationRunner.php(768): CodeIgniter\Database\BaseConnection->tableExists('migrations')
#5 C:\xampp_8\htdocs\sistemarsip\vendor\codeigniter4\framework\system\Database\MigrationRunner.php(168): CodeIgniter\Database\MigrationRunner->ensureTable()
#6 C:\xampp_8\htdocs\sistemarsip\vendor\codeigniter4\framework\system\Commands\Database\Migrate.php(84): CodeIgniter\Database\MigrationRunner->latest(NULL)
#7 C:\xampp_8\htdocs\sistemarsip\vendor\codeigniter4\framework\system\CLI\Commands.php(65): CodeIgniter\Commands\Database\Migrate->run(Array)
#8 C:\xampp_8\htdocs\sistemarsip\vendor\codeigniter4\framework\system\CLI\Console.php(37): CodeIgniter\CLI\Commands->run('migrate', Array)
#9 C:\xampp_8\htdocs\sistemarsip\spark(102): CodeIgniter\CLI\Console->run()
#10 {main}
INFO - 2024-08-21 18:54:19 --> Session: Class initialized using 'CodeIgniter\Session\Handlers\FileHandler' driver.
INFO - 2024-08-21 18:54:41 --> Session: Class initialized using 'CodeIgniter\Session\Handlers\FileHandler' driver.
INFO - 2024-08-21 18:55:18 --> Session: Class initialized using 'CodeIgniter\Session\Handlers\FileHandler' driver.
INFO - 2024-08-21 18:55:45 --> CSRF token verified.
INFO - 2024-08-21 18:55:45 --> Session: Class initialized using 'CodeIgniter\Session\Handlers\FileHandler' driver.
INFO - 2024-08-21 18:55:45 --> Session: Class initialized using 'CodeIgniter\Session\Handlers\FileHandler' driver.
INFO - 2024-08-21 18:56:14 --> Session: Class initialized using 'CodeIgniter\Session\Handlers\FileHandler' driver.
INFO - 2024-08-21 18:56:30 --> Session: Class initialized using 'CodeIgniter\Session\Handlers\FileHandler' driver.
INFO - 2024-08-21 18:56:41 --> CSRF token verified.
INFO - 2024-08-21 18:56:42 --> Session: Class initialized using 'CodeIgniter\Session\Handlers\FileHandler' driver.
INFO - 2024-08-21 18:56:42 --> Session: Class initialized using 'CodeIgniter\Session\Handlers\FileHandler' driver.
INFO - 2024-08-21 18:57:30 --> Session: Class initialized using 'CodeIgniter\Session\Handlers\FileHandler' driver.
INFO - 2024-08-21 18:57:30 --> Session: Class initialized using 'CodeIgniter\Session\Handlers\FileHandler' driver.
INFO - 2024-08-21 18:57:45 --> Session: Class initialized using 'CodeIgniter\Session\Handlers\FileHandler' driver.
INFO - 2024-08-21 18:57:45 --> Session: Class initialized using 'CodeIgniter\Session\Handlers\FileHandler' driver.
INFO - 2024-08-21 18:58:25 --> Session: Class initialized using 'CodeIgniter\Session\Handlers\FileHandler' driver.
INFO - 2024-08-21 18:58:25 --> Session: Class initialized using 'CodeIgniter\Session\Handlers\FileHandler' driver.
INFO - 2024-08-21 18:59:19 --> Session: Class initialized using 'CodeIgniter\Session\Handlers\FileHandler' driver.
INFO - 2024-08-21 18:59:19 --> Session: Class initialized using 'CodeIgniter\Session\Handlers\FileHandler' driver.
INFO - 2024-08-21 19:00:10 --> Session: Class initialized using 'CodeIgniter\Session\Handlers\FileHandler' driver.
INFO - 2024-08-21 19:00:10 --> Session: Class initialized using 'CodeIgniter\Session\Handlers\FileHandler' driver.
INFO - 2024-08-21 19:00:29 --> Session: Class initialized using 'CodeIgniter\Session\Handlers\FileHandler' driver.
INFO - 2024-08-21 19:00:39 --> CSRF token verified.
INFO - 2024-08-21 19:01:02 --> CSRF token verified.
INFO - 2024-08-21 19:01:02 --> Session: Class initialized using 'CodeIgniter\Session\Handlers\FileHandler' driver.
INFO - 2024-08-21 19:01:02 --> Session: Class initialized using 'CodeIgniter\Session\Handlers\FileHandler' driver.
INFO - 2024-08-21 19:01:17 --> CSRF token verified.
INFO - 2024-08-21 19:01:17 --> Session: Class initialized using 'CodeIgniter\Session\Handlers\FileHandler' driver.
INFO - 2024-08-21 19:01:17 --> Session: Class initialized using 'CodeIgniter\Session\Handlers\FileHandler' driver.
INFO - 2024-08-21 19:01:22 --> CSRF token verified.
INFO - 2024-08-21 19:01:22 --> Session: Class initialized using 'CodeIgniter\Session\Handlers\FileHandler' driver.
INFO - 2024-08-21 19:01:23 --> Session: Class initialized using 'CodeIgniter\Session\Handlers\FileHandler' driver.
INFO - 2024-08-21 19:01:39 --> CSRF token verified.
INFO - 2024-08-21 19:01:51 --> CSRF token verified.
INFO - 2024-08-21 19:01:51 --> Session: Class initialized using 'CodeIgniter\Session\Handlers\FileHandler' driver.
INFO - 2024-08-21 19:01:51 --> Session: Class initialized using 'CodeIgniter\Session\Handlers\FileHandler' driver.
INFO - 2024-08-21 19:02:09 --> CSRF token verified.
INFO - 2024-08-21 19:02:19 --> CSRF token verified.
INFO - 2024-08-21 19:02:40 --> CSRF token verified.
INFO - 2024-08-21 19:02:45 --> CSRF token verified.
INFO - 2024-08-21 19:02:45 --> Session: Class initialized using 'CodeIgniter\Session\Handlers\FileHandler' driver.
INFO - 2024-08-21 19:02:49 --> CSRF token verified.
INFO - 2024-08-21 19:02:49 --> Session: Class initialized using 'CodeIgniter\Session\Handlers\FileHandler' driver.
INFO - 2024-08-21 19:19:52 --> CSRF token verified.
CRITICAL - 2024-08-21 19:19:52 --> Attempt to read property "user_password" on array
in APPPATH\Controllers\Auth.php on line 22.
 1 APPPATH\Controllers\Auth.php(22): CodeIgniter\Debug\Exceptions->errorHandler(2, 'Attempt to read property "user_password" on array', 'C:\\xampp_8\\htdocs\\sistemarsip\\app\\Controllers\\Auth.php', 22)
 2 SYSTEMPATH\CodeIgniter.php(915): App\Controllers\Auth->login()
 3 SYSTEMPATH\CodeIgniter.php(492): CodeIgniter\CodeIgniter->runController(Object(App\Controllers\Auth))
 4 SYSTEMPATH\CodeIgniter.php(353): CodeIgniter\CodeIgniter->handleRequest(null, Object(Config\Cache), false)
 5 FCPATH\index.php(79): CodeIgniter\CodeIgniter->run()
INFO - 2024-08-21 19:39:09 --> CSRF token verified.
CRITICAL - 2024-08-21 19:39:09 --> Attempt to read property "user_password" on array
in APPPATH\Controllers\Auth.php on line 22.
 1 APPPATH\Controllers\Auth.php(22): CodeIgniter\Debug\Exceptions->errorHandler(2, 'Attempt to read property "user_password" on array', 'C:\\xampp_8\\htdocs\\sistemarsip\\app\\Controllers\\Auth.php', 22)
 2 SYSTEMPATH\CodeIgniter.php(915): App\Controllers\Auth->login()
 3 SYSTEMPATH\CodeIgniter.php(492): CodeIgniter\CodeIgniter->runController(Object(App\Controllers\Auth))
 4 SYSTEMPATH\CodeIgniter.php(353): CodeIgniter\CodeIgniter->handleRequest(null, Object(Config\Cache), false)
 5 FCPATH\index.php(79): CodeIgniter\CodeIgniter->run()
INFO - 2024-08-21 19:39:10 --> CSRF token verified.
CRITICAL - 2024-08-21 19:39:10 --> Attempt to read property "user_password" on array
in APPPATH\Controllers\Auth.php on line 22.
 1 APPPATH\Controllers\Auth.php(22): CodeIgniter\Debug\Exceptions->errorHandler(2, 'Attempt to read property "user_password" on array', 'C:\\xampp_8\\htdocs\\sistemarsip\\app\\Controllers\\Auth.php', 22)
 2 SYSTEMPATH\CodeIgniter.php(915): App\Controllers\Auth->login()
 3 SYSTEMPATH\CodeIgniter.php(492): CodeIgniter\CodeIgniter->runController(Object(App\Controllers\Auth))
 4 SYSTEMPATH\CodeIgniter.php(353): CodeIgniter\CodeIgniter->handleRequest(null, Object(Config\Cache), false)
 5 FCPATH\index.php(79): CodeIgniter\CodeIgniter->run()
INFO - 2024-08-21 19:39:16 --> CSRF token verified.
INFO - 2024-08-21 19:39:52 --> CSRF token verified.
INFO - 2024-08-21 19:39:52 --> Session: Class initialized using 'CodeIgniter\Session\Handlers\FileHandler' driver.
INFO - 2024-08-21 19:39:53 --> Session: Class initialized using 'CodeIgniter\Session\Handlers\FileHandler' driver.
INFO - 2024-08-21 19:40:24 --> Session: Class initialized using 'CodeIgniter\Session\Handlers\FileHandler' driver.
INFO - 2024-08-21 19:40:35 --> Session: Class initialized using 'CodeIgniter\Session\Handlers\FileHandler' driver.
INFO - 2024-08-21 19:41:34 --> CSRF token verified.
INFO - 2024-08-21 19:41:34 --> Session: Class initialized using 'CodeIgniter\Session\Handlers\FileHandler' driver.
INFO - 2024-08-21 19:41:34 --> Session: Class initialized using 'CodeIgniter\Session\Handlers\FileHandler' driver.
INFO - 2024-08-21 19:41:56 --> CSRF token verified.
INFO - 2024-08-21 19:41:57 --> Session: Class initialized using 'CodeIgniter\Session\Handlers\FileHandler' driver.
INFO - 2024-08-21 19:41:57 --> Session: Class initialized using 'CodeIgniter\Session\Handlers\FileHandler' driver.
INFO - 2024-08-21 19:42:19 --> CSRF token verified.
INFO - 2024-08-21 19:42:19 --> Session: Class initialized using 'CodeIgniter\Session\Handlers\FileHandler' driver.
INFO - 2024-08-21 19:42:27 --> CSRF token verified.
INFO - 2024-08-21 19:42:27 --> Session: Class initialized using 'CodeIgniter\Session\Handlers\FileHandler' driver.
INFO - 2024-08-21 19:42:39 --> Session: Class initialized using 'CodeIgniter\Session\Handlers\FileHandler' driver.
INFO - 2024-08-21 19:42:50 --> CSRF token verified.
INFO - 2024-08-21 19:42:50 --> Session: Class initialized using 'CodeIgniter\Session\Handlers\FileHandler' driver.
INFO - 2024-08-21 19:42:50 --> Session: Class initialized using 'CodeIgniter\Session\Handlers\FileHandler' driver.
INFO - 2024-08-21 19:43:10 --> CSRF token verified.
INFO - 2024-08-21 19:43:10 --> Session: Class initialized using 'CodeIgniter\Session\Handlers\FileHandler' driver.
INFO - 2024-08-21 19:48:12 --> CSRF token verified.
INFO - 2024-08-21 19:48:12 --> Session: Class initialized using 'CodeIgniter\Session\Handlers\FileHandler' driver.
INFO - 2024-08-21 19:48:12 --> Session: Class initialized using 'CodeIgniter\Session\Handlers\FileHandler' driver.
INFO - 2024-08-21 19:48:19 --> CSRF token verified.
INFO - 2024-08-21 19:48:19 --> Session: Class initialized using 'CodeIgniter\Session\Handlers\FileHandler' driver.
INFO - 2024-08-21 19:48:20 --> Session: Class initialized using 'CodeIgniter\Session\Handlers\FileHandler' driver.
INFO - 2024-08-21 19:48:47 --> Session: Class initialized using 'CodeIgniter\Session\Handlers\FileHandler' driver.
INFO - 2024-08-21 19:49:14 --> Session: Class initialized using 'CodeIgniter\Session\Handlers\FileHandler' driver.
INFO - 2024-08-21 19:49:30 --> CSRF token verified.
INFO - 2024-08-21 19:49:31 --> Session: Class initialized using 'CodeIgniter\Session\Handlers\FileHandler' driver.
INFO - 2024-08-21 19:49:31 --> Session: Class initialized using 'CodeIgniter\Session\Handlers\FileHandler' driver.
INFO - 2024-08-21 19:49:35 --> Session: Class initialized using 'CodeIgniter\Session\Handlers\FileHandler' driver.
INFO - 2024-08-21 19:49:42 --> CSRF token verified.
INFO - 2024-08-21 19:49:42 --> Session: Class initialized using 'CodeIgniter\Session\Handlers\FileHandler' driver.
INFO - 2024-08-21 19:49:42 --> Session: Class initialized using 'CodeIgniter\Session\Handlers\FileHandler' driver.
INFO - 2024-08-21 19:49:52 --> CSRF token verified.
INFO - 2024-08-21 19:49:52 --> Session: Class initialized using 'CodeIgniter\Session\Handlers\FileHandler' driver.
INFO - 2024-08-21 19:49:52 --> Session: Class initialized using 'CodeIgniter\Session\Handlers\FileHandler' driver.
INFO - 2024-08-21 19:53:41 --> CSRF token verified.
INFO - 2024-08-21 19:53:55 --> CSRF token verified.
INFO - 2024-08-21 19:54:11 --> Session: Class initialized using 'CodeIgniter\Session\Handlers\FileHandler' driver.
INFO - 2024-08-21 19:54:19 --> CSRF token verified.
INFO - 2024-08-21 19:54:19 --> Session: Class initialized using 'CodeIgniter\Session\Handlers\FileHandler' driver.
INFO - 2024-08-21 19:54:19 --> Session: Class initialized using 'CodeIgniter\Session\Handlers\FileHandler' driver.
INFO - 2024-08-21 19:54:29 --> CSRF token verified.
INFO - 2024-08-21 19:54:48 --> CSRF token verified.
INFO - 2024-08-21 19:54:57 --> CSRF token verified.
INFO - 2024-08-21 19:54:58 --> Session: Class initialized using 'CodeIgniter\Session\Handlers\FileHandler' driver.
INFO - 2024-08-21 19:54:58 --> Session: Class initialized using 'CodeIgniter\Session\Handlers\FileHandler' driver.
INFO - 2024-08-21 19:55:11 --> CSRF token verified.
INFO - 2024-08-21 19:55:11 --> Session: Class initialized using 'CodeIgniter\Session\Handlers\FileHandler' driver.
INFO - 2024-08-21 19:55:11 --> Session: Class initialized using 'CodeIgniter\Session\Handlers\FileHandler' driver.
INFO - 2024-08-21 19:55:43 --> CSRF token verified.
INFO - 2024-08-21 19:55:44 --> Session: Class initialized using 'CodeIgniter\Session\Handlers\FileHandler' driver.
INFO - 2024-08-21 19:55:50 --> Session: Class initialized using 'CodeIgniter\Session\Handlers\FileHandler' driver.
INFO - 2024-08-21 19:55:50 --> Session: Class initialized using 'CodeIgniter\Session\Handlers\FileHandler' driver.
INFO - 2024-08-21 19:56:24 --> CSRF token verified.
INFO - 2024-08-21 19:56:24 --> Session: Class initialized using 'CodeIgniter\Session\Handlers\FileHandler' driver.
INFO - 2024-08-21 19:56:24 --> Session: Class initialized using 'CodeIgniter\Session\Handlers\FileHandler' driver.
CRITICAL - 2024-08-21 19:56:24 --> Undefined variable $title
in APPPATH\Views\dashboard_admin.php on line 7.
 1 APPPATH\Views\dashboard_admin.php(7): CodeIgniter\Debug\Exceptions->errorHandler(2, 'Undefined variable $title', 'C:\\xampp_8\\htdocs\\sistemarsip\\app\\Views\\dashboard_admin.php', 7)
 2 SYSTEMPATH\View\View.php(226): include('C:\\xampp_8\\htdocs\\sistemarsip\\app\\Views\\dashboard_admin.php')
 3 SYSTEMPATH\View\View.php(229): CodeIgniter\View\View->CodeIgniter\View\{closure}()
 4 SYSTEMPATH\Common.php(1178): CodeIgniter\View\View->render('dashboard_admin', [], true)
 5 APPPATH\Controllers\Dashboard.php(15): view('dashboard_admin')
 6 SYSTEMPATH\CodeIgniter.php(915): App\Controllers\Dashboard->index()
 7 SYSTEMPATH\CodeIgniter.php(492): CodeIgniter\CodeIgniter->runController(Object(App\Controllers\Dashboard))
 8 SYSTEMPATH\CodeIgniter.php(353): CodeIgniter\CodeIgniter->handleRequest(null, Object(Config\Cache), false)
 9 FCPATH\index.php(79): CodeIgniter\CodeIgniter->run()
